<?xml version="1.0" encoding="utf-8"?><testsuites name="pytest tests"><testsuite name="pytest" errors="0" failures="0" skipped="0" tests="7" time="3.420" timestamp="2026-05-29T15:28:43.453259+00:00" hostname="agent-env-33cafc4d-4a43-4dff-b8cb-3b245f861ec2"><testcase classname="backend.tests.test_iteration10" name="test_worldcup_returns_2026_only" time="0.324" /><testcase classname="backend.tests.test_iteration10" name="test_admin_refresh_bracket" time="1.856" /><testcase classname="backend.tests.test_iteration10" name="test_admin_games_grouped" time="0.067" /><testcase classname="backend.tests.test_iteration10" name="test_admin_config_per_stage_card_limits" time="0.053" /><testcase classname="backend.tests.test_iteration10" name="test_enter_duplicate_card_returns_400" time="0.571" /><testcase classname="backend.tests.test_iteration10" name="test_enter_over_card_cap_returns_400" time="0.176" /><testcase classname="backend.tests.test_iteration10" name="test_enter_valid_picks_no_cards_returns_200" time="0.214" /></testsuite></testsuites>