<?xml version="1.0" encoding="utf-8"?><testsuites name="pytest tests"><testsuite name="pytest" errors="0" failures="0" skipped="0" tests="6" time="1.806" timestamp="2026-06-09T13:44:17.098157+00:00" hostname="agent-env-33cafc4d-4a43-4dff-b8cb-3b245f861ec2"><testcase classname="backend.tests.test_iteration23.TestBasketballStats" name="test_match_returns_canonical_stat_keys" time="0.721" /><testcase classname="backend.tests.test_iteration23.TestBrandFavicon" name="test_brand_endpoint_includes_favicon_key" time="0.178" /><testcase classname="backend.tests.test_iteration23.TestDailyDrop" name="test_daily_drop_requires_auth" time="0.055" /><testcase classname="backend.tests.test_iteration23.TestDailyDrop" name="test_daily_drop_authed_returns_well_formed_shape_no_500" time="0.434" /><testcase classname="backend.tests.test_iteration23.TestDailyDrop" name="test_check_drop_legacy_still_works" time="0.049" /><testcase classname="backend.tests.test_iteration23.TestPredictionLogsAction" name="test_prediction_submit_or_action_logged" time="0.301" /></testsuite></testsuites>