<?xml version="1.0" encoding="utf-8"?><testsuites name="pytest tests"><testsuite name="pytest" errors="0" failures="0" skipped="0" tests="13" time="1.145" timestamp="2026-06-01T09:58:47.714412+00:00" hostname="agent-env-33cafc4d-4a43-4dff-b8cb-3b245f861ec2"><testcase classname="tests.test_iteration18.TestPoolPulse" name="test_pulse_default" time="0.239" /><testcase classname="tests.test_iteration18.TestPoolPulse" name="test_pulse_limit_param" time="0.055" /><testcase classname="tests.test_iteration18.TestPoolPulse" name="test_pulse_event_shape" time="0.084" /><testcase classname="tests.test_iteration18.TestPoolPulse" name="test_pulse_handle_redacted" time="0.054" /><testcase classname="tests.test_iteration18.TestPoolPulse" name="test_pulse_today_aggregates_match_seed" time="0.057" /><testcase classname="tests.test_iteration18.TestPoolPulse" name="test_pulse_graceful_with_large_limit" time="0.050" /><testcase classname="tests.test_iteration18.TestWorker" name="test_worker_imports_cleanly" time="0.187" /><testcase classname="tests.test_iteration18.TestWorker" name="test_server_respects_run_ingestion_env" time="0.000" /><testcase classname="tests.test_iteration18.TestRegression" name="test_leaderboard_global" time="0.050" /><testcase classname="tests.test_iteration18.TestRegression" name="test_leaderboard_prize_split" time="0.049" /><testcase classname="tests.test_iteration18.TestRegression" name="test_nba_playoffs" time="0.054" /><testcase classname="tests.test_iteration18.TestRegression" name="test_referrals_leaderboard" time="0.057" /><testcase classname="tests.test_iteration18.TestRegression" name="test_health" time="0.050" /></testsuite></testsuites>