<?xml version="1.0" encoding="utf-8"?><testsuites name="pytest tests"><testsuite name="pytest" errors="0" failures="0" skipped="0" tests="9" time="1.700" timestamp="2026-05-29T13:07:08.344326+00:00" hostname="agent-env-33cafc4d-4a43-4dff-b8cb-3b245f861ec2"><testcase classname="backend.tests.test_iteration9.TestWorldCupHub" name="test_worldcup_returns_only_2026_window" time="0.255" /><testcase classname="backend.tests.test_iteration9.TestWorldCupHub" name="test_groups_seeded" time="0.063" /><testcase classname="backend.tests.test_iteration9.TestPastTournaments" name="test_past_returns_9_tournaments" time="0.062" /><testcase classname="backend.tests.test_iteration9.TestPastTournaments" name="test_past_has_at_least_14_card_docs" time="0.065" /><testcase classname="backend.tests.test_iteration9.TestPastTournaments" name="test_specific_legends_resolve_to_cards" time="0.060" /><testcase classname="backend.tests.test_iteration9.TestFantasyPlayers" name="test_players_all_four_positions" time="0.158" /><testcase classname="backend.tests.test_iteration9.TestFantasyPlayers" name="test_default_limit_returns_all_positions" time="0.110" /><testcase classname="backend.tests.test_iteration9.TestAuthGate" name="test_signin_admin" time="0.458" /><testcase classname="backend.tests.test_iteration9.TestAuthGate" name="test_signup_user_works" time="0.407" /></testsuite></testsuites>