<?xml version="1.0" encoding="utf-8"?><testsuites name="pytest tests"><testsuite name="pytest" errors="0" failures="0" skipped="0" tests="7" time="2.381" timestamp="2026-05-29T19:18:54.218700+00:00" hostname="agent-env-33cafc4d-4a43-4dff-b8cb-3b245f861ec2"><testcase classname="backend.tests.test_iteration15.TestStandings" name="test_football_standings_returns_rows" time="0.220" /><testcase classname="backend.tests.test_iteration15.TestStandings" name="test_unknown_match_returns_empty" time="0.061" /><testcase classname="backend.tests.test_iteration15.TestMomentum" name="test_football_momentum_shape" time="0.051" /><testcase classname="backend.tests.test_iteration15.TestMomentum" name="test_unknown_match_404" time="0.070" /><testcase classname="backend.tests.test_iteration15.TestFootballMatchDetailProFields" name="test_match_detail_refresh_returns_pro_fields" time="1.319" /><testcase classname="backend.tests.test_iteration15.TestBasketballLazyStats" name="test_basketball_match_detail" time="0.145" /><testcase classname="backend.tests.test_iteration15.TestBasketballLazyStats" name="test_basketball_lazy_fetch_with_game_id" time="0.393" /></testsuite></testsuites>