<?xml version="1.0" encoding="utf-8"?><testsuites name="pytest tests"><testsuite name="pytest" errors="0" failures="0" skipped="0" tests="9" time="1.236" timestamp="2026-05-29T19:39:26.515026+00:00" hostname="agent-env-33cafc4d-4a43-4dff-b8cb-3b245f861ec2"><testcase classname="backend.tests.test_iteration16.TestStatusDisplay" name="test_sample_match_has_status_fields" time="0.378" /><testcase classname="backend.tests.test_iteration16.TestStatusDisplay" name="test_live_matches_endpoint_minute_field" time="0.064" /><testcase classname="backend.tests.test_iteration16.TestPastDateBackfill" name="test_3_weeks_ago_returns_matches" time="0.077" /><testcase classname="backend.tests.test_iteration16.TestPastDateBackfill" name="test_1_week_ago_returns_matches" time="0.071" /><testcase classname="backend.tests.test_iteration16.TestPastDateBackfill" name="test_future_date_no_backfill_works" time="0.095" /><testcase classname="backend.tests.test_iteration16.TestLineupRatingXg" name="test_lineup_has_rating_and_xg" time="0.123" /><testcase classname="backend.tests.test_iteration16.TestLineupRatingXg" name="test_specific_player_ratings" time="0.096" /><testcase classname="backend.tests.test_iteration16.TestMomentum" name="test_momentum_finished_match_graceful" time="0.052" /><testcase classname="backend.tests.test_iteration16.TestMomentum" name="test_momentum_unknown_match" time="0.051" /></testsuite></testsuites>