<?xml version="1.0" encoding="utf-8"?><testsuites name="pytest tests"><testsuite name="pytest" errors="0" failures="1" skipped="0" tests="28" time="5.479" timestamp="2026-05-29T12:46:51.225272+00:00" hostname="agent-env-33cafc4d-4a43-4dff-b8cb-3b245f861ec2"><testcase classname="backend.tests.test_iteration8" name="test_wc_games_today_unauth" time="0.227" /><testcase classname="backend.tests.test_iteration8" name="test_wc_games_today_auth" time="0.482" /><testcase classname="backend.tests.test_iteration8" name="test_wc_games_upcoming_unauth" time="0.067" /><testcase classname="backend.tests.test_iteration8" name="test_wc_games_upcoming_auth" time="0.053" /><testcase classname="backend.tests.test_iteration8" name="test_wc_game_detail_returns_eligible_players" time="0.533" /><testcase classname="backend.tests.test_iteration8" name="test_wc_game_detail_404" time="0.103" /><testcase classname="backend.tests.test_iteration8" name="test_wc_user_entries_requires_auth" time="0.106" /><testcase classname="backend.tests.test_iteration8" name="test_wc_user_entries_auth" time="0.051" /><testcase classname="backend.tests.test_iteration8" name="test_wc_game_leaderboard_endpoint" time="0.236" /><testcase classname="backend.tests.test_iteration8" name="test_wc_groups_returns_12" time="0.052" /><testcase classname="backend.tests.test_iteration8" name="test_wc_enter_game_card_cap" time="0.144" /><testcase classname="backend.tests.test_iteration8" name="test_admin_wc_config_returns_12" time="0.059" /><testcase classname="backend.tests.test_iteration8" name="test_admin_wc_config_patch_and_audit" time="0.180" /><testcase classname="backend.tests.test_iteration8" name="test_admin_wc_config_reset" time="0.118" /><testcase classname="backend.tests.test_iteration8" name="test_admin_wc_games_filters" time="0.062" /><testcase classname="backend.tests.test_iteration8" name="test_admin_wc_game_patch" time="0.197" /><testcase classname="backend.tests.test_iteration8" name="test_admin_wc_refresh_bracket" time="0.284" /><testcase classname="backend.tests.test_iteration8" name="test_admin_wc_group_update" time="0.115" /><testcase classname="backend.tests.test_iteration8" name="test_password_reset_request_and_confirm" time="1.140" /><testcase classname="backend.tests.test_iteration8" name="test_password_reset_unknown_email_returns_200" time="0.109" /><testcase classname="backend.tests.test_iteration8" name="test_email_verify_request_and_confirm" time="0.259" /><testcase classname="backend.tests.test_iteration8" name="test_kyc_submit_and_admin_review" time="0.264" /><testcase classname="backend.tests.test_iteration8" name="test_predictions_leaderboard_premium_scope" time="0.055" /><testcase classname="backend.tests.test_iteration8" name="test_predictions_upcoming_horizon" time="0.060" /><testcase classname="backend.tests.test_iteration8" name="test_ads_reward_card_uses" time="0.073" /><testcase classname="backend.tests.test_iteration8" name="test_prize_pool_patch" time="0.131" /><testcase classname="backend.tests.test_iteration8" name="test_prize_pool_contributions" time="0.054"><failure message="assert 404 == 200&#10; +  where 404 = &lt;Response [404]&gt;.status_code">backend/tests/test_iteration8.py:364: in test_prize_pool_contributions
    assert r.status_code == 200
E   assert 404 == 200
E    +  where 404 = &lt;Response [404]&gt;.status_code</failure></testcase><testcase classname="backend.tests.test_iteration8" name="test_fantasy_squad_applied_card_ids" time="0.053" /></testsuite></testsuites>