<?xml version="1.0" encoding="utf-8"?><testsuites name="pytest tests"><testsuite name="pytest" errors="0" failures="0" skipped="0" tests="21" time="2.556" timestamp="2026-06-08T09:59:49.181317+00:00" hostname="agent-env-33cafc4d-4a43-4dff-b8cb-3b245f861ec2"><testcase classname="tests.test_payments_integration.TestConfigEndpoints" name="test_pocketfi_config" time="0.163" /><testcase classname="tests.test_payments_integration.TestConfigEndpoints" name="test_trybit_config" time="0.132" /><testcase classname="tests.test_payments_integration.TestPocketFiDynamicAccount" name="test_unauth_returns_401" time="0.101" /><testcase classname="tests.test_payments_integration.TestPocketFiDynamicAccount" name="test_missing_fields_returns_422" time="0.402" /><testcase classname="tests.test_payments_integration.TestPocketFiDynamicAccount" name="test_not_configured_returns_503" time="0.047" /><testcase classname="tests.test_payments_integration.TestPocketFiDynamicAccount" name="test_invalid_bank_with_keys_unset_returns_503" time="0.048" /><testcase classname="tests.test_payments_integration.TestPocketFiDynamicAccount" name="test_palmpay_without_kyc_with_keys_unset_returns_503" time="0.047" /><testcase classname="tests.test_payments_integration.TestPocketFiDepositGet" name="test_unknown_deposit_returns_404" time="0.049" /><testcase classname="tests.test_payments_integration.TestPocketFiDepositGet" name="test_unauth_returns_401" time="0.108" /><testcase classname="tests.test_payments_integration.TestTrybitInvoice" name="test_unauth_returns_401" time="0.108" /><testcase classname="tests.test_payments_integration.TestTrybitInvoice" name="test_negative_amount_returns_422" time="0.048" /><testcase classname="tests.test_payments_integration.TestTrybitInvoice" name="test_not_configured_returns_503" time="0.046" /><testcase classname="tests.test_payments_integration.TestTrybitInvoiceGet" name="test_unknown_uuid_returns_404" time="0.049" /><testcase classname="tests.test_payments_integration.TestTrybitInvoiceGet" name="test_unauth_returns_401" time="0.105" /><testcase classname="tests.test_payments_integration.TestWebhooks" name="test_pocketfi_webhook_no_secret_returns_503" time="0.102" /><testcase classname="tests.test_payments_integration.TestWebhooks" name="test_trybit_webhook_no_secret_returns_503" time="0.108" /><testcase classname="tests.test_payments_integration.TestTenancyIsolation" name="test_pocketfi_deposit_not_leaked_to_other_user" time="0.429" /><testcase classname="tests.test_payments_integration.TestTenancyIsolation" name="test_trybit_invoice_not_leaked" time="0.097" /><testcase classname="tests.test_payments_webhooks" name="test_pocketfi_signature_roundtrip" time="0.000" /><testcase classname="tests.test_payments_webhooks" name="test_trybit_jwt_decode_roundtrip" time="0.000" /><testcase classname="tests.test_payments_webhooks" name="test_trybit_expired_jwt" time="0.000" /></testsuite></testsuites>