<?xml version="1.0" encoding="utf-8"?><testsuites name="pytest tests"><testsuite name="pytest" errors="0" failures="0" skipped="0" tests="12" time="2.851" timestamp="2026-05-28T15:16:30.406549+00:00" hostname="agent-env-33cafc4d-4a43-4dff-b8cb-3b245f861ec2"><testcase classname="backend.tests.test_iteration4.TestStandings" name="test_standings_egypt_refresh" time="0.299" /><testcase classname="backend.tests.test_iteration4.TestStandings" name="test_standings_cache_hit" time="0.120" /><testcase classname="backend.tests.test_iteration4.TestTopScorers" name="test_topscorers_egypt" time="0.155" /><testcase classname="backend.tests.test_iteration4.TestTopScorers" name="test_topscorers_copa" time="0.117" /><testcase classname="backend.tests.test_iteration4.TestCardsUsage" name="test_match_cap_2" time="0.692" /><testcase classname="backend.tests.test_iteration4.TestCardsUsage" name="test_idempotency" time="0.161" /><testcase classname="backend.tests.test_iteration4.TestCardsUsage" name="test_group_cap_4" time="0.263" /><testcase classname="backend.tests.test_iteration4.TestCardsUsage" name="test_round_cap_5" time="0.331" /><testcase classname="backend.tests.test_iteration4.TestCardsUsage" name="test_round_final_special_cap_10" time="0.354" /><testcase classname="backend.tests.test_iteration4.TestCardsUsage" name="test_invalid_scope" time="0.052" /><testcase classname="backend.tests.test_iteration4.TestCardsUsage" name="test_unowned_card_rejected" time="0.054" /><testcase classname="backend.tests.test_iteration4.TestCardsUsage" name="test_usage_me_grouped" time="0.051" /></testsuite></testsuites>