<?xml version="1.0" encoding="utf-8"?><testsuites name="pytest tests"><testsuite name="pytest" errors="0" failures="1" skipped="0" tests="18" time="4.589" timestamp="2026-05-28T16:36:14.982720+00:00" hostname="agent-env-33cafc4d-4a43-4dff-b8cb-3b245f861ec2"><testcase classname="backend.tests.test_iteration5" name="test_scoring_unit" time="0.001" /><testcase classname="backend.tests.test_iteration5" name="test_predictions_endpoint" time="0.577" /><testcase classname="backend.tests.test_iteration5" name="test_predictions_leaderboard" time="0.356" /><testcase classname="backend.tests.test_iteration5" name="test_cards_catalog" time="0.162" /><testcase classname="backend.tests.test_iteration5" name="test_cards_purchase_and_recharge" time="0.330" /><testcase classname="backend.tests.test_iteration5" name="test_fantasy_player_points_unit" time="0.000" /><testcase classname="backend.tests.test_iteration5" name="test_fantasy_settle_gameweek" time="0.453" /><testcase classname="backend.tests.test_iteration5" name="test_wallet_flow" time="0.179" /><testcase classname="backend.tests.test_iteration5" name="test_prize_pool_settle" time="0.338"><failure message="AssertionError: Internal Server Error&#10;assert 500 in (200, 400, 404)&#10; +  where 500 = &lt;Response [500]&gt;.status_code">backend/tests/test_iteration5.py:188: in test_prize_pool_settle
    assert r.status_code in (200, 400, 404), r.text
E   AssertionError: Internal Server Error
E   assert 500 in (200, 400, 404)
E    +  where 500 = &lt;Response [500]&gt;.status_code</failure></testcase><testcase classname="backend.tests.test_iteration5" name="test_paystack_config" time="0.108" /><testcase classname="backend.tests.test_iteration5" name="test_paystack_initialize_unconfigured" time="0.049" /><testcase classname="backend.tests.test_iteration5" name="test_paystack_webhook_bad_signature" time="0.132" /><testcase classname="backend.tests.test_iteration5" name="test_compliance_age_gate_and_caps" time="0.474" /><testcase classname="backend.tests.test_iteration5" name="test_compliance_self_exclude" time="0.138" /><testcase classname="backend.tests.test_iteration5" name="test_ads_placements_list" time="0.137" /><testcase classname="backend.tests.test_iteration5" name="test_ads_impression_click" time="0.368" /><testcase classname="backend.tests.test_iteration5" name="test_ads_crud_admin" time="0.142" /><testcase classname="backend.tests.test_iteration5" name="test_ads_reward_claim_rate_limit" time="0.294" /></testsuite></testsuites>