<?xml version="1.0" encoding="utf-8"?><testsuites name="pytest tests"><testsuite name="pytest" errors="0" failures="0" skipped="0" tests="7" time="1.619" timestamp="2026-05-29T15:51:48.133180+00:00" hostname="agent-env-33cafc4d-4a43-4dff-b8cb-3b245f861ec2"><testcase classname="backend.tests.test_iteration11" name="test_history_empty_for_new_user" time="0.684" /><testcase classname="backend.tests.test_iteration11" name="test_enter_card_without_target_returns_400" time="0.191" /><testcase classname="backend.tests.test_iteration11" name="test_enter_card_target_not_in_picks_returns_400" time="0.059" /><testcase classname="backend.tests.test_iteration11" name="test_enter_duplicate_user_card_id_returns_400" time="0.061" /><testcase classname="backend.tests.test_iteration11" name="test_enter_exceeds_card_limit_returns_400" time="0.063" /><testcase classname="backend.tests.test_iteration11" name="test_enter_success_consumes_and_resubmit_no_double_charge_and_refund" time="0.320" /><testcase classname="backend.tests.test_iteration11" name="test_enter_card_with_zero_uses_returns_400" time="0.061" /></testsuite></testsuites>