<?xml version="1.0" encoding="utf-8"?><testsuites name="pytest tests"><testsuite name="pytest" errors="0" failures="0" skipped="0" tests="11" time="1.721" timestamp="2026-06-19T17:42:40.694403+00:00" hostname="agent-env-33cafc4d-4a43-4dff-b8cb-3b245f861ec2"><testcase classname="backend.tests.test_iteration25.TestSeedTeamBoosts" name="test_seed_endpoint_returns_two_cards" time="0.538" /><testcase classname="backend.tests.test_iteration25.TestSeedTeamBoosts" name="test_seed_is_idempotent" time="0.048" /><testcase classname="backend.tests.test_iteration25.TestCardsList" name="test_list_contains_team_boosts" time="0.059" /><testcase classname="backend.tests.test_iteration25.TestGrantCards" name="test_grant_team_boost_to_admin" time="0.050" /><testcase classname="backend.tests.test_iteration25.TestGrantCards" name="test_grant_unknown_card_returns_404" time="0.057" /><testcase classname="backend.tests.test_iteration25.TestGrantCards" name="test_grant_unknown_user_returns_404" time="0.047" /><testcase classname="backend.tests.test_iteration25.TestOpenAllGames" name="test_open_all_response_shape" time="0.075" /><testcase classname="backend.tests.test_iteration25.TestOpenAllGames" name="test_no_locked_stage_game_flipped_by_open_all" time="0.580" /><testcase classname="backend.tests.test_iteration25.TestRoundLeaderboard" name="test_valid_round_returns_leaderboard" time="0.063" /><testcase classname="backend.tests.test_iteration25.TestRoundLeaderboard" name="test_invalid_round_returns_empty" time="0.057" /><testcase classname="backend.tests.test_iteration25.TestRoundLeaderboard" name="test_empty_round_param_does_not_crash" time="0.053" /></testsuite></testsuites>