<?xml version="1.0" encoding="utf-8"?><testsuites name="pytest tests"><testsuite name="pytest" errors="0" failures="0" skipped="0" tests="12" time="3.676" timestamp="2026-06-20T09:28:36.242948+00:00" hostname="agent-env-33cafc4d-4a43-4dff-b8cb-3b245f861ec2"><testcase classname="backend.tests.test_iteration26" name="test_public_status_no_auth" time="0.184" /><testcase classname="backend.tests.test_iteration26" name="test_admin_list_services" time="0.490" /><testcase classname="backend.tests.test_iteration26" name="test_admin_list_requires_admin" time="0.384" /><testcase classname="backend.tests.test_iteration26" name="test_patch_fantasy_persists" time="0.205" /><testcase classname="backend.tests.test_iteration26" name="test_patch_predictions_independent" time="0.478" /><testcase classname="backend.tests.test_iteration26" name="test_fantasy_endpoints_return_423_when_paused" time="0.413" /><testcase classname="backend.tests.test_iteration26" name="test_predictions_endpoint_returns_423_when_paused" time="0.182" /><testcase classname="backend.tests.test_iteration26" name="test_reenable_restores_normal" time="0.174" /><testcase classname="backend.tests.test_iteration26" name="test_reenable_idempotent" time="0.126" /><testcase classname="backend.tests.test_iteration26" name="test_unknown_kind_rejected" time="0.082" /><testcase classname="backend.tests.test_iteration26" name="test_leaderboards_open_when_paused" time="0.603" /><testcase classname="backend.tests.test_iteration26" name="test_zz_final_reset" time="0.266" /></testsuite></testsuites>