<?xml version="1.0" encoding="utf-8"?><testsuites name="pytest tests"><testsuite name="pytest" errors="0" failures="0" skipped="1" tests="7" time="1.793" timestamp="2026-06-08T09:21:49.815508+00:00" hostname="agent-env-33cafc4d-4a43-4dff-b8cb-3b245f861ec2"><testcase classname="backend.tests.test_site_config" name="test_get_site_config_public_no_auth" time="0.131" /><testcase classname="backend.tests.test_site_config" name="test_post_site_config_no_auth_returns_401_or_403" time="0.106" /><testcase classname="backend.tests.test_site_config" name="test_post_site_config_non_admin_returns_403" time="0.109"><skipped type="pytest.skip" message="signup failed: 422 {&quot;detail&quot;:[{&quot;type&quot;:&quot;string_too_short&quot;,&quot;loc&quot;:[&quot;body&quot;,&quot;display_name&quot;],&quot;msg&quot;:&quot;String should have at least 2 characters&quot;,&quot;input&quot;:&quot;T&quot;,&quot;ctx&quot;:{&quot;min_length&quot;:2},&quot;url&quot;:&quot;https://errors.pydantic.dev/2.13/v/string_too_short&quot;}]}">/app/backend/tests/test_site_config.py:86: signup failed: 422 {"detail":[{"type":"string_too_short","loc":["body","display_name"],"msg":"String should have at least 2 characters","input":"T","ctx":{"min_length":2},"url":"https://errors.pydantic.dev/2.13/v/string_too_short"}]}</skipped></testcase><testcase classname="backend.tests.test_site_config" name="test_admin_subset_sports_persists" time="0.491" /><testcase classname="backend.tests.test_site_config" name="test_admin_unknown_slugs_dropped" time="0.158" /><testcase classname="backend.tests.test_site_config" name="test_admin_show_wc_tab_toggle" time="0.211" /><testcase classname="backend.tests.test_site_config" name="test_admin_popup_notice_bump_version" time="0.510" /></testsuite></testsuites>