<?xml version="1.0" encoding="utf-8"?><testsuites name="pytest tests"><testsuite name="pytest" errors="0" failures="0" skipped="0" tests="19" time="2.827" timestamp="2026-06-09T05:35:47.572737+00:00" hostname="agent-env-33cafc4d-4a43-4dff-b8cb-3b245f861ec2"><testcase classname="backend.tests.test_iteration22.TestAdsConfig" name="test_config_anonymous" time="0.163" /><testcase classname="backend.tests.test_iteration22.TestServeAd" name="test_serve_header_banner_adsense_fallback" time="0.440" /><testcase classname="backend.tests.test_iteration22.TestServeAd" name="test_serve_invalid_placement_400" time="0.043" /><testcase classname="backend.tests.test_iteration22.TestPlacementsCRUD" name="test_create_direct_sponsor" time="0.048" /><testcase classname="backend.tests.test_iteration22.TestPlacementsCRUD" name="test_serve_returns_direct_after_create" time="0.390" /><testcase classname="backend.tests.test_iteration22.TestPlacementsCRUD" name="test_impression_and_click_counters" time="0.486" /><testcase classname="backend.tests.test_iteration22.TestPlacementsCRUD" name="test_delete_placement_cleanup" time="0.047" /><testcase classname="backend.tests.test_iteration22.TestAdsenseSlots" name="test_upsert_and_list_slot" time="0.093" /><testcase classname="backend.tests.test_iteration22.TestAdsenseSlots" name="test_serve_sidebar_right_uses_slot" time="0.045" /><testcase classname="backend.tests.test_iteration22.TestAdsenseSlots" name="test_delete_slot_cleanup" time="0.053" /><testcase classname="backend.tests.test_iteration22.TestAdsenseSlots" name="test_invalid_placement_rejected" time="0.049" /><testcase classname="backend.tests.test_iteration22.TestWorldCupHub" name="test_hub_returns_enriched_matches" time="0.142" /><testcase classname="backend.tests.test_iteration22.TestWcNews" name="test_admin_create_news" time="0.049" /><testcase classname="backend.tests.test_iteration22.TestWcNews" name="test_public_get_returns_published" time="0.105" /><testcase classname="backend.tests.test_iteration22.TestWcNews" name="test_hub_includes_news" time="0.144" /><testcase classname="backend.tests.test_iteration22.TestWcNews" name="test_admin_patch_news" time="0.145" /><testcase classname="backend.tests.test_iteration22.TestWcNews" name="test_admin_delete_news" time="0.149" /><testcase classname="backend.tests.test_iteration22.TestWcNews" name="test_news_requires_admin" time="0.044" /><testcase classname="backend.tests.test_iteration22.TestAdsTxt" name="test_ads_txt_served" time="0.101" /></testsuite></testsuites>