<?xml version="1.0" encoding="utf-8"?><testsuites name="pytest tests"><testsuite name="pytest" errors="0" failures="0" skipped="1" tests="12" time="1.877" timestamp="2026-06-02T14:19:49.281407+00:00" hostname="agent-env-33cafc4d-4a43-4dff-b8cb-3b245f861ec2"><testcase classname="backend.tests.test_iteration19.TestSquadCRUD" name="test_create_squad_15man_with_formation_and_bench" time="0.770" /><testcase classname="backend.tests.test_iteration19.TestSquadCRUD" name="test_get_squad_alias_matches_squad_me" time="0.104" /><testcase classname="backend.tests.test_iteration19.TestSquadCRUD" name="test_edit_squad_preserves_total_points" time="0.099" /><testcase classname="backend.tests.test_iteration19.TestBudgetModeEnforcement" name="test_15man_rejects_over_100m" time="0.058" /><testcase classname="backend.tests.test_iteration19.TestBudgetModeEnforcement" name="test_20man_allows_120m" time="0.055" /><testcase classname="backend.tests.test_iteration19.TestBudgetModeEnforcement" name="test_20man_rejects_over_120m" time="0.056" /><testcase classname="backend.tests.test_iteration19.TestBudgetModeEnforcement" name="test_15man_rejects_over_size" time="0.048" /><testcase classname="backend.tests.test_iteration19.TestTransfers" name="test_get_transfers_default" time="0.047" /><testcase classname="backend.tests.test_iteration19.TestTransfers" name="test_spend_points_always_succeeds" time="0.049" /><testcase classname="backend.tests.test_iteration19.TestTransfers" name="test_spend_card_402_when_empty" time="0.048" /><testcase classname="backend.tests.test_iteration19.TestTransfers" name="test_buy_402_insufficient_wallet" time="0.046" /><testcase classname="backend.tests.test_iteration19.TestTransfers" name="test_buy_success_with_wallet" time="0.394"><skipped type="pytest.skip" message="no admin wallet credit endpoint (got 404)">/app/backend/tests/test_iteration19.py:282: no admin wallet credit endpoint (got 404)</skipped></testcase></testsuite></testsuites>