<?xml version="1.0" encoding="utf-8"?><testsuites name="pytest tests"><testsuite name="pytest" errors="0" failures="0" skipped="0" tests="25" time="1.036" timestamp="2026-05-29T17:46:36.880686+00:00" hostname="agent-env-33cafc4d-4a43-4dff-b8cb-3b245f861ec2"><testcase classname="tests.test_iteration12.TestLeagueTierScore" name="test_premier_league_england_t1" time="0.199" /><testcase classname="tests.test_iteration12.TestLeagueTierScore" name="test_premier_league_bhutan_not_t1" time="0.000" /><testcase classname="tests.test_iteration12.TestLeagueTierScore" name="test_premier_league_belarus_not_t1" time="0.000" /><testcase classname="tests.test_iteration12.TestLeagueTierScore" name="test_premier_league_egypt_not_t1" time="0.000" /><testcase classname="tests.test_iteration12.TestLeagueTierScore" name="test_serie_a_italy_t1" time="0.000" /><testcase classname="tests.test_iteration12.TestLeagueTierScore" name="test_serie_a_brazil_not_t1" time="0.000" /><testcase classname="tests.test_iteration12.TestLeagueTierScore" name="test_ligue_1_france_t1" time="0.000" /><testcase classname="tests.test_iteration12.TestLeagueTierScore" name="test_ligue_1_algeria_not_t1" time="0.000" /><testcase classname="tests.test_iteration12.TestLeagueTierScore" name="test_ligue_1_ivory_coast_not_t1" time="0.000" /><testcase classname="tests.test_iteration12.TestLeagueTierScore" name="test_ligue_1_playoffs_france_t1" time="0.000" /><testcase classname="tests.test_iteration12.TestLeagueTierScore" name="test_ligue_1_relegation_playoffs_france_t1" time="0.000" /><testcase classname="tests.test_iteration12.TestLeagueTierScore" name="test_la_liga_spain_t1" time="0.000" /><testcase classname="tests.test_iteration12.TestLeagueTierScore" name="test_la_liga_2_spain_t2" time="0.000" /><testcase classname="tests.test_iteration12.TestLeagueTierScore" name="test_liga_2_spain_t2" time="0.000" /><testcase classname="tests.test_iteration12.TestLeagueTierScore" name="test_bundesliga_germany_t1" time="0.000" /><testcase classname="tests.test_iteration12.TestLeagueTierScore" name="test_ucl_universal_t1" time="0.000" /><testcase classname="tests.test_iteration12.TestLeagueTierScore" name="test_world_cup_universal_t1" time="0.000" /><testcase classname="tests.test_iteration12.TestCountryPriority" name="test_continental_at_top" time="0.000" /><testcase classname="tests.test_iteration12.TestTeamTokens" name="test_psg_full_name" time="0.040" /><testcase classname="tests.test_iteration12.TestTeamTokens" name="test_drops_fc_real_olympique" time="0.000" /><testcase classname="tests.test_iteration12.TestTeamTokens" name="test_olympique_dropped" time="0.000" /><testcase classname="tests.test_iteration12.TestTeamTokens" name="test_psg_paris_overlap" time="0.000" /><testcase classname="tests.test_iteration12.TestMatchesGroupedSort" name="test_health" time="0.150" /><testcase classname="tests.test_iteration12.TestMatchesGroupedSort" name="test_grouped_top_is_tier_100" time="0.257" /><testcase classname="tests.test_iteration12.TestMatchesGroupedSort" name="test_grouped_top_names_are_known_t1" time="0.234" /></testsuite></testsuites>