<?xml version="1.0" encoding="utf-8"?><testsuites name="pytest tests"><testsuite name="pytest" errors="0" failures="0" skipped="0" tests="16" time="2.685" timestamp="2026-05-28T17:00:58.244095+00:00" hostname="agent-env-33cafc4d-4a43-4dff-b8cb-3b245f861ec2"><testcase classname="backend.tests.test_iteration6" name="test_auth_me_exposes_premium_fields" time="0.549" /><testcase classname="backend.tests.test_iteration6" name="test_auth_me_premium_fields_new_user" time="0.498" /><testcase classname="backend.tests.test_iteration6" name="test_cards_me_joins_card_object" time="0.239" /><testcase classname="backend.tests.test_iteration6" name="test_predictions_accepts_card_ids_capped_at_2" time="0.443" /><testcase classname="backend.tests.test_iteration6" name="test_predictions_card_ids_optional_empty" time="0.127" /><testcase classname="backend.tests.test_iteration6" name="test_paystack_initialize_premium_sub_unconfigured" time="0.054" /><testcase classname="backend.tests.test_iteration6" name="test_paystack_initialize_premium_sub_unauth" time="0.120" /><testcase classname="backend.tests.test_iteration6" name="test_paystack_initialize_invalid_purpose" time="0.053" /><testcase classname="backend.tests.test_iteration6" name="test_ads_placements_new_keys_seeded" time="0.129" /><testcase classname="backend.tests.test_iteration6" name="test_regression_routes_load[/api/auth/me]" time="0.054" /><testcase classname="backend.tests.test_iteration6" name="test_regression_routes_load[/api/predictions/upcoming?limit=3]" time="0.054" /><testcase classname="backend.tests.test_iteration6" name="test_regression_routes_load[/api/predictions/leaderboard?scope=weekly&amp;limit=5]" time="0.052" /><testcase classname="backend.tests.test_iteration6" name="test_regression_routes_load[/api/cards]" time="0.060" /><testcase classname="backend.tests.test_iteration6" name="test_regression_routes_load[/api/ads/placements]" time="0.063" /><testcase classname="backend.tests.test_iteration6" name="test_regression_routes_load[/api/payments/paystack/config]" time="0.058" /><testcase classname="backend.tests.test_iteration6" name="test_auth_me_no_mongo_id" time="0.051" /></testsuite></testsuites>