<?xml version="1.0" encoding="utf-8"?><testsuites name="pytest tests"><testsuite name="pytest" errors="0" failures="0" skipped="0" tests="5" time="0.552" timestamp="2026-05-28T14:51:11.566831+00:00" hostname="agent-env-33cafc4d-4a43-4dff-b8cb-3b245f861ec2"><testcase classname="backend.tests.test_iteration3.TestWorldCup" name="test_hub_returns_12_groups_and_meta" time="0.185" /><testcase classname="backend.tests.test_iteration3.TestWorldCup" name="test_groups_endpoint" time="0.054" /><testcase classname="backend.tests.test_iteration3.TestWorldCup" name="test_bracket_endpoint" time="0.066" /><testcase classname="backend.tests.test_iteration3.TestStatPalLogos" name="test_statpal_football_logo_coverage" time="0.099" /><testcase classname="backend.tests.test_iteration3.TestFootballListLogos" name="test_football_list_has_logos" time="0.085" /></testsuite></testsuites>