<?xml version="1.0" encoding="utf-8"?><testsuites name="pytest tests"><testsuite name="pytest" errors="0" failures="0" skipped="0" tests="15" time="3.002" timestamp="2026-05-29T11:42:48.189807+00:00" hostname="agent-env-33cafc4d-4a43-4dff-b8cb-3b245f861ec2"><testcase classname="backend.tests.test_iteration7" name="test_cards_currency_usd" time="0.215" /><testcase classname="backend.tests.test_iteration7" name="test_predictions_upcoming_scope_wc" time="0.068" /><testcase classname="backend.tests.test_iteration7" name="test_predictions_post_non_wc_returns_403" time="0.552" /><testcase classname="backend.tests.test_iteration7" name="test_referrals_me_signed_out" time="0.048" /><testcase classname="backend.tests.test_iteration7" name="test_referrals_me_admin" time="0.073" /><testcase classname="backend.tests.test_iteration7" name="test_referrals_leaderboard" time="0.049" /><testcase classname="backend.tests.test_iteration7" name="test_referrals_validate_invalid" time="0.047" /><testcase classname="backend.tests.test_iteration7" name="test_referrals_validate_valid" time="0.097" /><testcase classname="backend.tests.test_iteration7" name="test_signup_with_referral_links_user" time="0.611" /><testcase classname="backend.tests.test_iteration7" name="test_signup_referrer_sees_new_referral" time="0.107" /><testcase classname="backend.tests.test_iteration7" name="test_card_purchase_contributes_to_pool" time="0.300" /><testcase classname="backend.tests.test_iteration7" name="test_card_recharge_contributes" time="0.237" /><testcase classname="backend.tests.test_iteration7" name="test_admin_patch_prize_pool" time="0.105" /><testcase classname="backend.tests.test_iteration7" name="test_admin_patch_non_admin_forbidden" time="0.045" /><testcase classname="backend.tests.test_iteration7" name="test_referred_purchase_credits_referrer" time="0.256" /></testsuite></testsuites>