<?xml version="1.0" encoding="utf-8"?><testsuites name="pytest tests"><testsuite name="pytest" errors="0" failures="0" skipped="0" tests="11" time="1.135" timestamp="2026-05-29T18:42:09.836127+00:00" hostname="agent-env-33cafc4d-4a43-4dff-b8cb-3b245f861ec2"><testcase classname="tests.test_iteration14.TestParseCricketScore" name="test_declared_with_wickets" time="0.000" /><testcase classname="tests.test_iteration14.TestParseCricketScore" name="test_simple_runs_only" time="0.000" /><testcase classname="tests.test_iteration14.TestParseCricketScore" name="test_followon_multi_innings_sum" time="0.000" /><testcase classname="tests.test_iteration14.TestParseCricketScore" name="test_empty_returns_zero" time="0.000" /><testcase classname="tests.test_iteration14.TestParseCricketScore" name="test_runs_with_wickets_no_declare" time="0.000" /><testcase classname="tests.test_iteration14.TestNormalizeCricketInnings" name="test_returns_innings_with_batter_extraction" time="0.000" /><testcase classname="tests.test_iteration14.TestNormalizeCricketInnings" name="test_handles_dict_instead_of_list" time="0.000" /><testcase classname="tests.test_iteration14.TestNormalizeCricketInnings" name="test_empty_returns_empty_list" time="0.000" /><testcase classname="tests.test_iteration14.TestCricketMatchAPI" name="test_cricket_match_has_innings_and_meta" time="0.285" /><testcase classname="tests.test_iteration14.TestCricketMatchAPI" name="test_cricket_leagues_per_tournament_in_grouped" time="0.188" /><testcase classname="tests.test_iteration14.TestTennisMatchAPI" name="test_tennis_match_has_sets_with_tiebreak" time="0.096" /></testsuite></testsuites>