<?xml version="1.0" encoding="utf-8"?><testsuites name="pytest tests"><testsuite name="pytest" errors="0" failures="0" skipped="0" tests="15" time="24.366" timestamp="2026-05-29T17:57:59.789090+00:00" hostname="agent-env-33cafc4d-4a43-4dff-b8cb-3b245f861ec2"><testcase classname="tests.test_iteration13.TestProviderRank" name="test_rank_order" time="0.597" /><testcase classname="tests.test_iteration13.TestAuthGuard" name="test_unauth_dedup_matches" time="0.183" /><testcase classname="tests.test_iteration13.TestAuthGuard" name="test_unauth_dedup_leagues" time="0.136" /><testcase classname="tests.test_iteration13.TestAuthGuard" name="test_non_admin_dedup_matches_403" time="0.399" /><testcase classname="tests.test_iteration13.TestAuthGuard" name="test_non_admin_dedup_leagues_403" time="0.050" /><testcase classname="tests.test_iteration13.TestDedupMatchesDryRun" name="test_football_dry_run_returns_report" time="4.578" /><testcase classname="tests.test_iteration13.TestDedupMatchesDryRun" name="test_dry_run_does_not_delete" time="4.351" /><testcase classname="tests.test_iteration13.TestDedupMatchesDryRun" name="test_sample_row_structure" time="4.200" /><testcase classname="tests.test_iteration13.TestDedupLeaguesDryRun" name="test_leagues_dry_run_returns_report" time="0.219" /><testcase classname="tests.test_iteration13.TestDedupLeaguesDryRun" name="test_leagues_dry_run_does_not_delete" time="0.343" /><testcase classname="tests.test_iteration13.TestDedupLeaguesDryRun" name="test_leagues_sample_row_structure" time="0.095" /><testcase classname="tests.test_iteration13.TestDedupMatchesLiveDelete" name="test_live_delete_removes_duplicates_if_any" time="8.615" /><testcase classname="tests.test_iteration13.TestMatchDetailEndpoint" name="test_match_detail_returns_correct_sport[44511de4-79b4-46cd-811f-7679ec806ef1-football]" time="0.161" /><testcase classname="tests.test_iteration13.TestMatchDetailEndpoint" name="test_match_detail_returns_correct_sport[878f188e-753e-417f-8953-090cee745f9b-basketball]" time="0.110" /><testcase classname="tests.test_iteration13.TestMatchDetailEndpoint" name="test_match_detail_returns_correct_sport[7c7459b1-99d9-4a5c-8e68-98ad4deaff62-tennis]" time="0.128" /></testsuite></testsuites>