<?xml version="1.0" encoding="utf-8"?><testsuites name="pytest tests"><testsuite name="pytest" errors="0" failures="0" skipped="0" tests="13" time="1.178" timestamp="2026-06-01T09:32:58.362856+00:00" hostname="agent-env-33cafc4d-4a43-4dff-b8cb-3b245f861ec2"><testcase classname="backend.tests.test_iteration17.TestUnifiedLeaderboard" name="test_global_scope" time="0.169" /><testcase classname="backend.tests.test_iteration17.TestUnifiedLeaderboard" name="test_weekly_scope" time="0.052" /><testcase classname="backend.tests.test_iteration17.TestUnifiedLeaderboard" name="test_premium_scope" time="0.055" /><testcase classname="backend.tests.test_iteration17.TestPrizeSplit" name="test_prize_split_with_cards_cut" time="0.050" /><testcase classname="backend.tests.test_iteration17.TestPrizeSplit" name="test_prize_split_zero_cards_cut" time="0.048" /><testcase classname="backend.tests.test_iteration17.TestReferralsLeaderboard" name="test_referrals_leaderboard" time="0.049" /><testcase classname="backend.tests.test_iteration17.TestNbaPlayoffs" name="test_playoffs_structure" time="0.049" /><testcase classname="backend.tests.test_iteration17.TestRegression" name="test_matches_list" time="0.049" /><testcase classname="backend.tests.test_iteration17.TestRegression" name="test_wc_games" time="0.080" /><testcase classname="backend.tests.test_iteration17.TestRegression" name="test_fantasy_players" time="0.152" /><testcase classname="backend.tests.test_iteration17.TestRegression" name="test_predictions_upcoming" time="0.061" /><testcase classname="backend.tests.test_iteration17.TestRegression" name="test_wallet_me" time="0.084" /><testcase classname="backend.tests.test_iteration17.TestRegression" name="test_cards" time="0.081" /></testsuite></testsuites>