<?xml version="1.0" encoding="utf-8"?><testsuites name="pytest tests"><testsuite name="pytest" errors="0" failures="0" skipped="0" tests="46" time="7.417" timestamp="2026-05-27T22:33:04.831539+00:00" hostname="agent-env-33cafc4d-4a43-4dff-b8cb-3b245f861ec2"><testcase classname="backend.tests.backend_test.TestHealthAndCatalog" name="test_root_health" time="0.144" /><testcase classname="backend.tests.backend_test.TestHealthAndCatalog" name="test_sports_returns_14" time="0.058" /><testcase classname="backend.tests.backend_test.TestHealthAndCatalog" name="test_countries_football" time="0.056" /><testcase classname="backend.tests.backend_test.TestHealthAndCatalog" name="test_leagues_football" time="0.053" /><testcase classname="backend.tests.backend_test.TestMatches" name="test_list_football" time="0.059" /><testcase classname="backend.tests.backend_test.TestMatches" name="test_list_status_filter[live]" time="0.055" /><testcase classname="backend.tests.backend_test.TestMatches" name="test_list_status_filter[upcoming]" time="0.052" /><testcase classname="backend.tests.backend_test.TestMatches" name="test_list_status_filter[finished]" time="0.056" /><testcase classname="backend.tests.backend_test.TestMatches" name="test_match_detail" time="0.150" /><testcase classname="backend.tests.backend_test.TestMatches" name="test_h2h" time="0.129" /><testcase classname="backend.tests.backend_test.TestWorldCup" name="test_worldcup_hub" time="0.051" /><testcase classname="backend.tests.backend_test.TestPredictions" name="test_upcoming_anon" time="0.060" /><testcase classname="backend.tests.backend_test.TestPredictions" name="test_leaderboard" time="0.055" /><testcase classname="backend.tests.backend_test.TestPredictions" name="test_submit_requires_auth" time="0.048" /><testcase classname="backend.tests.backend_test.TestPredictions" name="test_me_requires_auth" time="0.047" /><testcase classname="backend.tests.backend_test.TestPredictions" name="test_me_authed" time="0.398" /><testcase classname="backend.tests.backend_test.TestPredictions" name="test_submit_prediction" time="0.116" /><testcase classname="backend.tests.backend_test.TestFantasy" name="test_competition" time="0.060" /><testcase classname="backend.tests.backend_test.TestFantasy" name="test_players" time="0.079" /><testcase classname="backend.tests.backend_test.TestFantasy" name="test_leaderboard" time="0.050" /><testcase classname="backend.tests.backend_test.TestFantasy" name="test_squad_requires_auth" time="0.083" /><testcase classname="backend.tests.backend_test.TestFantasy" name="test_create_squad" time="0.198" /><testcase classname="backend.tests.backend_test.TestCards" name="test_catalog_100" time="0.054" /><testcase classname="backend.tests.backend_test.TestCards" name="test_me_requires_auth" time="0.052" /><testcase classname="backend.tests.backend_test.TestCards" name="test_me_starter_pack" time="0.057" /><testcase classname="backend.tests.backend_test.TestPrizePools" name="test_list" time="0.057" /><testcase classname="backend.tests.backend_test.TestPrizePools" name="test_detail" time="0.105" /><testcase classname="backend.tests.backend_test.TestProfile" name="test_stats_auth_required" time="0.055" /><testcase classname="backend.tests.backend_test.TestProfile" name="test_stats_authed" time="0.060" /><testcase classname="backend.tests.backend_test.TestSearch" name="test_search_chelsea" time="0.054" /><testcase classname="backend.tests.backend_test.TestAuth" name="test_signup_sets_cookie" time="0.326" /><testcase classname="backend.tests.backend_test.TestAuth" name="test_signup_duplicate_409" time="0.466" /><testcase classname="backend.tests.backend_test.TestAuth" name="test_me_without_cookie_401" time="0.111" /><testcase classname="backend.tests.backend_test.TestAuth" name="test_admin_signin" time="0.382" /><testcase classname="backend.tests.backend_test.TestAuth" name="test_signout_clears_session" time="0.528" /><testcase classname="backend.tests.backend_test.TestAuth" name="test_invalid_password_returns_401" time="0.673" /><testcase classname="backend.tests.backend_test.TestAdmin" name="test_non_admin_forbidden" time="0.065" /><testcase classname="backend.tests.backend_test.TestAdmin" name="test_anon_forbidden" time="0.177" /><testcase classname="backend.tests.backend_test.TestAdmin" name="test_admin_stats" time="0.385" /><testcase classname="backend.tests.backend_test.TestAdmin" name="test_admin_users" time="0.046" /><testcase classname="backend.tests.backend_test.TestAdmin" name="test_admin_matches" time="0.052" /><testcase classname="backend.tests.backend_test.TestAdmin" name="test_admin_audit" time="0.050" /><testcase classname="backend.tests.backend_test.TestAdmin" name="test_admin_promote_user" time="0.109" /><testcase classname="backend.tests.backend_test.TestAdmin" name="test_admin_ingest_sportmonks_live" time="0.603" /><testcase classname="backend.tests.backend_test.TestAdmin" name="test_admin_ingest_apisports_basketball" time="0.377" /><testcase classname="backend.tests.backend_test.TestAdmin" name="test_admin_ingest_statpal_tennis" time="0.429" /></testsuite></testsuites>